TN:
SF:.prettierrc.js
FNF:0
FNH:0
LF:0
LH:0
BRF:0
BRH:0
end_of_record
TN:
SF:eslint.config.js
FNF:0
FNH:0
LF:0
LH:0
BRF:0
BRH:0
end_of_record
TN:
SF:src/config.js
FNF:0
FNH:0
DA:6,4
DA:7,4
DA:9,4
DA:10,4
DA:11,4
DA:13,4
DA:154,4
LF:7
LH:7
BRDA:84,0,0,0
BRDA:84,0,1,4
BRDA:90,1,0,0
BRDA:90,1,1,4
BRF:4
BRH:2
end_of_record
TN:
SF:src/example-find.js
FN:1,findAllExampleData
FN:9,findExampleData
FNF:2
FNH:0
FNDA:0,findAllExampleData
FNDA:0,findExampleData
DA:2,0
DA:6,0
DA:10,0
LF:3
LH:0
BRF:0
BRH:0
end_of_record
TN:
SF:src/index.js
FN:8,(anonymous_0)
FNF:1
FNH:0
FNDA:0,(anonymous_0)
DA:6,0
DA:8,0
DA:9,0
DA:10,0
DA:11,0
DA:12,0
LF:6
LH:0
BRF:0
BRH:0
end_of_record
TN:
SF:src/server.js
FN:19,createServer
FNF:1
FNH:1
FNDA:2,createServer
DA:20,2
DA:21,2
DA:53,2
DA:75,2
LF:4
LH:4
BRF:0
BRH:0
end_of_record
TN:
SF:src/common/helpers/metrics.js
FN:9,(anonymous_0)
FNF:1
FNH:1
FNDA:6,(anonymous_0)
DA:9,1
DA:10,6
DA:11,2
DA:14,4
DA:15,4
DA:16,4
DA:22,4
DA:24,1
LF:8
LH:8
BRDA:9,0,0,1
BRDA:10,1,0,2
BRDA:10,1,1,4
BRF:3
BRH:3
end_of_record
TN:
SF:src/common/helpers/mongo-lock.js
FN:1,acquireLock
FN:12,requireLock
FNF:2
FNH:2
FNDA:2,acquireLock
FNDA:2,requireLock
DA:2,2
DA:3,2
DA:4,1
DA:5,1
DA:7,1
DA:9,1
DA:13,2
DA:14,2
DA:15,1
DA:17,1
LF:10
LH:10
BRDA:3,0,0,1
BRDA:3,0,1,1
BRDA:4,1,0,1
BRDA:4,1,1,0
BRDA:14,2,0,1
BRDA:14,2,1,1
BRF:6
BRH:5
end_of_record
TN:
SF:src/common/helpers/mongodb.js
FN:8,(anonymous_0)
FN:26,(anonymous_1)
FN:27,(anonymous_2)
FN:29,(anonymous_3)
FN:41,createIndexes
FNF:5
FNH:3
FNDA:2,(anonymous_0)
FNDA:0,(anonymous_1)
FNDA:0,(anonymous_2)
FNDA:1,(anonymous_3)
FNDA:2,createIndexes
DA:4,2
DA:9,2
DA:11,2
DA:15,2
DA:16,2
DA:17,2
DA:19,2
DA:21,2
DA:23,2
DA:24,2
DA:25,2
DA:26,2
DA:27,2
DA:29,2
DA:30,1
DA:31,1
DA:32,1
DA:34,0
DA:42,2
LF:19
LH:18
BRF:0
BRH:0
end_of_record
TN:
SF:src/common/helpers/pulse.js
FNF:0
FNH:0
DA:4,2
DA:6,2
LF:2
LH:2
BRF:0
BRH:0
end_of_record
TN:
SF:src/common/helpers/request-tracing.js
FNF:0
FNH:0
DA:4,2
LF:1
LH:1
BRF:0
BRH:0
end_of_record
TN:
SF:src/common/helpers/start-server.js
FN:5,startServer
FNF:1
FNH:1
FNDA:2,startServer
DA:6,2
DA:7,2
DA:9,1
DA:10,1
DA:14,1
LF:5
LH:5
BRF:0
BRH:0
end_of_record
TN:
SF:src/common/helpers/convict/validate-mongo-uri.js
FN:5,validateMongoUri
FNF:1
FNH:1
FNDA:2,validateMongoUri
DA:3,5
DA:6,2
DA:10,2
LF:3
LH:3
BRF:0
BRH:0
end_of_record
TN:
SF:src/common/helpers/logging/logger-options.js
FN:37,(anonymous_0)
FNF:1
FNH:0
FNDA:0,(anonymous_0)
DA:5,3
DA:6,3
DA:7,3
DA:9,3
DA:27,3
DA:38,0
DA:39,0
DA:40,0
DA:41,0
DA:43,0
LF:10
LH:5
BRDA:40,0,0,0
BRDA:40,0,1,0
BRF:2
BRH:0
end_of_record
TN:
SF:src/common/helpers/logging/logger.js
FN:6,getLogger
FNF:1
FNH:1
FNDA:5,getLogger
DA:4,3
DA:7,5
LF:2
LH:2
BRF:0
BRH:0
end_of_record
TN:
SF:src/common/helpers/logging/request-logger.js
FNF:0
FNH:0
DA:5,2
LF:1
LH:1
BRF:0
BRH:0
end_of_record
TN:
SF:src/common/helpers/proxy/setup-proxy.js
FN:14,setupProxy
FNF:1
FNH:1
FNDA:4,setupProxy
DA:7,3
DA:15,4
DA:17,4
DA:18,1
DA:21,1
DA:24,1
DA:25,1
LF:7
LH:7
BRDA:17,0,0,1
BRDA:17,0,1,3
BRF:2
BRH:2
end_of_record
TN:
SF:src/constants/index.js
FNF:0
FNH:0
DA:1,2
DA:6,2
DA:11,2
DA:17,2
DA:24,2
DA:43,2
DA:49,2
DA:53,2
DA:54,2
DA:56,2
DA:58,2
LF:11
LH:11
BRF:0
BRH:0
end_of_record
TN:
SF:src/plugins/router.js
FN:7,(anonymous_0)
FNF:1
FNH:1
FNDA:2,(anonymous_0)
DA:4,2
DA:8,2
LF:2
LH:2
BRF:0
BRH:0
end_of_record
TN:
SF:src/repositories/payment-repository.js
FN:5,get
FN:15,set
FN:20,updatePaymentResponse
FN:32,getPendingPayments
FN:61,incrementPaymentCheckCount
FN:73,updatePaymentStatusByClaimRef
FNF:6
FNH:0
FNDA:0,get
FNDA:0,set
FNDA:0,updatePaymentResponse
FNDA:0,getPendingPayments
FNDA:0,incrementPaymentCheckCount
FNDA:0,updatePaymentStatusByClaimRef
DA:6,0
DA:16,0
DA:25,0
DA:33,0
DA:62,0
DA:74,0
LF:6
LH:0
BRF:0
BRH:0
end_of_record
TN:
SF:src/routes/health.js
FN:4,(anonymous_0)
FNF:1
FNH:0
FNDA:0,(anonymous_0)
DA:1,2
DA:4,0
LF:2
LH:1
BRF:0
BRH:0
end_of_record
TN:
SF:src/routes/api/payment.js
FN:14,(anonymous_0)
FNF:1
FNH:0
FNDA:0,(anonymous_0)
DA:4,2
DA:15,0
DA:17,0
DA:18,0
DA:21,0
LF:5
LH:1
BRDA:17,0,0,0
BRDA:17,0,1,0
BRF:2
BRH:0
end_of_record
